<?xml version="1.0" encoding="UTF-8"?>
<!-- Generated by org.testng.reporters.JUnitReportReporter -->
<testsuite hostname="RahulRuta" failures="0" tests="1" name="TestRunner.CucumberTestRunner" time="6.722" errors="0" timestamp="2024-03-21T23:11:34 IST" skipped="0">
  <testcase classname="TestRunner.CucumberTestRunner" name="runScenario" time="6.722"/>
  <system-out/>
</testsuite> <!-- TestRunner.CucumberTestRunner -->
