<?xml version="1.0" encoding="UTF-8"?>
<!-- Generated by org.testng.reporters.JUnitReportReporter -->
<testsuite hostname="RahulRuta" failures="0" tests="4" name="TestRunner.CucumberTestRunnerForTags" time="0.190" errors="0" timestamp="2024-03-31T21:34:04 IST" skipped="0">
  <testcase classname="TestRunner.CucumberTestRunnerForTags" name="runScenario" time="0.148"/>
  <system-out/>
  <testcase classname="TestRunner.CucumberTestRunnerForTags" name="runScenario" time="0.009"/>
  <system-out/>
  <testcase classname="TestRunner.CucumberTestRunnerForTags" name="runScenario" time="0.015"/>
  <system-out/>
  <testcase classname="TestRunner.CucumberTestRunnerForTags" name="runScenario" time="0.018"/>
  <system-out/>
</testsuite> <!-- TestRunner.CucumberTestRunnerForTags -->
