<?xml version="1.0" encoding="UTF-8"?>
<!-- Generated by org.testng.reporters.JUnitReportReporter -->
<testsuite hostname="RahulRuta" failures="0" tests="4" name="TestRunner.CucumberTestRunnerForTags" time="0.210" errors="0" timestamp="2024-03-02T22:10:06 IST" skipped="0">
  <testcase classname="TestRunner.CucumberTestRunnerForTags" name="runScenario" time="0.013"/>
  <system-out/>
  <testcase classname="TestRunner.CucumberTestRunnerForTags" name="runScenario" time="0.170"/>
  <system-out/>
  <testcase classname="TestRunner.CucumberTestRunnerForTags" name="runScenario" time="0.013"/>
  <system-out/>
  <testcase classname="TestRunner.CucumberTestRunnerForTags" name="runScenario" time="0.014"/>
  <system-out/>
</testsuite> <!-- TestRunner.CucumberTestRunnerForTags -->
